0 info it worked if it ends with ok
1 verbose cli [ 'node', '/usr/local/bin/npm', 'start' ]
2 info using npm@3.10.5
3 info using node@v0.10.30
4 verbose node symlink /usr/local/bin/node
5 verbose config Skipping project config: /Users/designhawg/.npmrc. (matches userconfig)
6 verbose stack Error: ENOENT, open '/Users/designhawg/package.json'
7 verbose cwd /Users/designhawg/projects/email-work
8 error Darwin 15.5.0
9 error argv "node" "/usr/local/bin/npm" "start"
10 error node v0.10.30
11 error npm  v3.10.5
12 error path /Users/designhawg/package.json
13 error code ENOENT
14 error errno 34
15 error enoent ENOENT, open '/Users/designhawg/package.json'
16 error enoent ENOENT, open '/Users/designhawg/package.json'
16 error enoent This is most likely not a problem with npm itself
16 error enoent and is related to npm not being able to find a file.
17 verbose exit [ 34, true ]
